Pager usage is off.
Output format is aligned.
Border style is 2.
--- A) Columns + defaults ---
+-----------------------+-----------------------------+-------------+-------------------------------+
|      column_name      |          data_type          | is_nullable |        column_default         |
+-----------------------+-----------------------------+-------------+-------------------------------+
| email_error           | text                        | YES         |                               |
| email_status          | character varying           | NO          | 'NOT_SENT'::character varying |
| last_email_attempt_at | timestamp without time zone | YES         |                               |
+-----------------------+-----------------------------+-------------+-------------------------------+
(3 rows)

--- B) Migration count ---
+--------------------+
| applied_migrations |
+--------------------+
|                  6 |
+--------------------+
(1 row)

--- C) Latest migrations (10) ---
+----+------------------------------------------------------------------+---------------+
| id |                               hash                               |  created_at   |
+----+------------------------------------------------------------------+---------------+
| 14 | 05bca9603301223c6ea5a77402b271803890b368d3c3dca4a2533d49f3078221 | 1770062800001 |
| 13 | 8b50b1aa0110e11ed7618e13da4a3741b841d5fc72e34b114859461b3cd524c3 | 1770062800000 |
| 12 | 63e60bf8d69e5cd5f5ec66f8f4bd33515844ccfddbe0e8a15f75802b4425f678 | 1770062364476 |
| 11 | fb5da583cb00f5bb9d83b93037155fa2aa280706b97f90b5fc6548d9825076a1 | 1768508868784 |
| 10 | b0666b9f9feb307074e9a39e7b73865980d8814f1a1f8d0d07405d7f9571efb1 | 1768351289154 |
|  1 | 6cec6782aaf9057166ccb08a58ef9b80d73f31313388e5223707008c0bd35984 | 1764195174560 |
+----+------------------------------------------------------------------+---------------+
(6 rows)

--- D) Orphan hash presence (DO NOT TOUCH) ---
+----+------------------------------------------------------------------+---------------+
| id |                               hash                               |  created_at   |
+----+------------------------------------------------------------------+---------------+
|  1 | 6cec6782aaf9057166ccb08a58ef9b80d73f31313388e5223707008c0bd35984 | 1764195174560 |
+----+------------------------------------------------------------------+---------------+
(1 row)

--- E) Our 0004 timestamp row ---
+----+------------------------------------------------------------------+---------------+
| id |                               hash                               |  created_at   |
+----+------------------------------------------------------------------+---------------+
| 14 | 05bca9603301223c6ea5a77402b271803890b368d3c3dca4a2533d49f3078221 | 1770062800001 |
+----+------------------------------------------------------------------+---------------+
(1 row)

